0 verbose cli C:\Program Files\nodejs\node.exe C:\Users\daniel.herculano\AppData\Roaming\npm\node_modules\npm\bin\npm-cli.js
1 info using npm@10.8.3
2 info using node@v20.12.2
3 silly config load:file:C:\Users\daniel.herculano\AppData\Roaming\npm\node_modules\npm\npmrc
4 silly config load:file:C:\Users\daniel.herculano\desktop\react_trainning\projeto1\.npmrc
5 silly config load:file:C:\Users\daniel.herculano\.npmrc
6 silly config load:file:C:\Users\daniel.herculano\AppData\Roaming\npm\etc\npmrc
7 verbose title npm run dev
8 verbose argv "run" "dev"
9 verbose logfile logs-max:10 dir:C:\Users\daniel.herculano\desktop\react_trainning\projeto1\Usersdaniel.herculanoAppDataRoamingnpm-cache\_logs\2024-09-13T18_22_54_851Z-
10 verbose logfile C:\Users\daniel.herculano\desktop\react_trainning\projeto1\Usersdaniel.herculanoAppDataRoamingnpm-cache\_logs\2024-09-13T18_22_54_851Z-debug-0.log
11 silly logfile done cleaning log files
12 verbose stack Error: Missing script: "dev"
12 verbose stack
12 verbose stack To see a list of scripts, run:
12 verbose stack   npm run
12 verbose stack     at #run (C:\Users\daniel.herculano\AppData\Roaming\npm\node_modules\npm\lib\commands\run-script.js:110:13)
12 verbose stack     at async RunScript.exec (C:\Users\daniel.herculano\AppData\Roaming\npm\node_modules\npm\lib\commands\run-script.js:39:7)
12 verbose stack     at async Npm.exec (C:\Users\daniel.herculano\AppData\Roaming\npm\node_modules\npm\lib\npm.js:207:9)
12 verbose stack     at async module.exports (C:\Users\daniel.herculano\AppData\Roaming\npm\node_modules\npm\lib\cli\entry.js:74:5)
13 error Missing script: "dev"
13 error
13 error To see a list of scripts, run:
13 error   npm run
14 verbose cwd C:\Users\daniel.herculano\desktop\react_trainning\projeto1
15 verbose os Windows_NT 10.0.19045
16 verbose node v20.12.2
17 verbose npm  v10.8.3
18 verbose exit 1
19 verbose code 1
20 error A complete log of this run can be found in: C:\Users\daniel.herculano\desktop\react_trainning\projeto1\Usersdaniel.herculanoAppDataRoamingnpm-cache\_logs\2024-09-13T18_22_54_851Z-debug-0.log
